c:\users\rodri\desktop\grafica\project_.8883fbc7\x64\debug\vc143.pdb
c:\users\rodri\desktop\grafica\project_.8883fbc7\x64\debug\vc143.idb
c:\users\rodri\desktop\grafica\project_.8883fbc7\x64\debug\window.obj
c:\users\rodri\desktop\grafica\project_.8883fbc7\x64\debug\texture.obj
c:\users\rodri\desktop\grafica\project_.8883fbc7\x64\debug\spotlight.obj
c:\users\rodri\desktop\grafica\project_.8883fbc7\x64\debug\sphere.obj
c:\users\rodri\desktop\grafica\project_.8883fbc7\x64\debug\skybox.obj
c:\users\rodri\desktop\grafica\project_.8883fbc7\x64\debug\shader_light.obj
c:\users\rodri\desktop\grafica\project_.8883fbc7\x64\debug\resourcemanager.obj
c:\users\rodri\desktop\grafica\project_.8883fbc7\x64\debug\pointlight.obj
c:\users\rodri\desktop\grafica\project_.8883fbc7\x64\debug\mymain.obj
c:\users\rodri\desktop\grafica\project_.8883fbc7\x64\debug\model.obj
c:\users\rodri\desktop\grafica\project_.8883fbc7\x64\debug\mesh_tn.obj
c:\users\rodri\desktop\grafica\project_.8883fbc7\x64\debug\material.obj
c:\users\rodri\desktop\grafica\project_.8883fbc7\x64\debug\light.obj
c:\users\rodri\desktop\grafica\project_.8883fbc7\x64\debug\directionallight.obj
c:\users\rodri\desktop\grafica\project_.8883fbc7\x64\debug\camera.obj
c:\users\rodri\desktop\grafica\x64\debug\project_computergraphics.exe
c:\users\rodri\desktop\grafica\x64\debug\project_computergraphics.pdb
c:\users\rodri\desktop\grafica\project_.8883fbc7\x64\debug\project_computergraphics.ilk
c:\users\rodri\desktop\grafica\project_.8883fbc7\x64\debug\main.obj
c:\users\rodri\desktop\grafica\project_.8883fbc7\x64\debug\project_.8883fbc7.tlog\cl.command.1.tlog
c:\users\rodri\desktop\grafica\project_.8883fbc7\x64\debug\project_.8883fbc7.tlog\cl.items.tlog
c:\users\rodri\desktop\grafica\project_.8883fbc7\x64\debug\project_.8883fbc7.tlog\cl.read.1.tlog
c:\users\rodri\desktop\grafica\project_.8883fbc7\x64\debug\project_.8883fbc7.tlog\cl.write.1.tlog
c:\users\rodri\desktop\grafica\project_.8883fbc7\x64\debug\project_.8883fbc7.tlog\link.command.1.tlog
c:\users\rodri\desktop\grafica\project_.8883fbc7\x64\debug\project_.8883fbc7.tlog\link.read.1.tlog
c:\users\rodri\desktop\grafica\project_.8883fbc7\x64\debug\project_.8883fbc7.tlog\link.secondary.1.tlog
c:\users\rodri\desktop\grafica\project_.8883fbc7\x64\debug\project_.8883fbc7.tlog\link.write.1.tlog
