  Camera.cpp
  DirectionalLight.cpp
C:\Users\rodri\Desktop\Grafica\DirectionalLight.cpp(18,14): warning C4244: 'argumento': conversión de 'GLfloat' a 'GLint'; posible pérdida de datos
C:\Users\rodri\Desktop\Grafica\DirectionalLight.cpp(19,14): warning C4244: 'argumento': conversión de 'GLfloat' a 'GLint'; posible pérdida de datos
C:\Users\rodri\Desktop\Grafica\DirectionalLight.cpp(21,14): warning C4244: 'argumento': conversión de 'GLfloat' a 'GLint'; posible pérdida de datos
C:\Users\rodri\Desktop\Grafica\DirectionalLight.cpp(22,14): warning C4244: 'argumento': conversión de 'GLfloat' a 'GLint'; posible pérdida de datos
  Light.cpp
  Material.cpp
  Mesh_tn.cpp
  Model.cpp
C:\Users\rodri\Desktop\Grafica\Model.cpp(54,7): warning C4804: '<': uso no seguro del tipo 'bool' en la operación
C:\Users\rodri\Desktop\Grafica\Model.cpp(113,78): warning C4267: 'argumento': conversión de 'size_t' a 'unsigned int'; posible pérdida de datos
C:\Users\rodri\Desktop\Grafica\Model.cpp(113,62): warning C4267: 'argumento': conversión de 'size_t' a 'unsigned int'; posible pérdida de datos
C:\Users\rodri\Desktop\Grafica\Model.cpp(135,40): warning C4267: '=': conversión de 'size_t' a 'int'; posible pérdida de datos
C:\Users\rodri\Desktop\Grafica\Model.cpp(144,40): warning C4267: '=': conversión de 'size_t' a 'int'; posible pérdida de datos
  myMain.cpp
C:\Users\rodri\Desktop\Grafica\Window.h(13,36): warning C4244: 'return': conversión de 'GLint' a 'GLfloat'; posible pérdida de datos
  (compilando archivo de origen "myMain.cpp")
  
C:\Users\rodri\Desktop\Grafica\Window.h(14,37): warning C4244: 'return': conversión de 'GLint' a 'GLfloat'; posible pérdida de datos
  (compilando archivo de origen "myMain.cpp")
  
C:\Users\rodri\Desktop\Grafica\myMain.cpp(84,24): warning C4267: 'inicializando': conversión de 'size_t' a 'unsigned int'; posible pérdida de datos
C:\Users\rodri\Desktop\Grafica\myMain.cpp(293,15): warning C4244: 'inicializando': conversión de 'double' a 'GLfloat'; posible pérdida de datos
C:\Users\rodri\Desktop\Grafica\myMain.cpp(295,33): warning C4244: '+=': conversión de 'double' a 'GLfloat'; posible pérdida de datos
  PointLight.cpp
C:\Users\rodri\Desktop\Grafica\PointLight.cpp(28,14): warning C4244: 'argumento': conversión de 'GLfloat' a 'GLint'; posible pérdida de datos
C:\Users\rodri\Desktop\Grafica\PointLight.cpp(29,14): warning C4244: 'argumento': conversión de 'GLfloat' a 'GLint'; posible pérdida de datos
C:\Users\rodri\Desktop\Grafica\PointLight.cpp(30,14): warning C4244: 'argumento': conversión de 'GLfloat' a 'GLint'; posible pérdida de datos
C:\Users\rodri\Desktop\Grafica\PointLight.cpp(32,14): warning C4244: 'argumento': conversión de 'GLfloat' a 'GLint'; posible pérdida de datos
C:\Users\rodri\Desktop\Grafica\PointLight.cpp(33,14): warning C4244: 'argumento': conversión de 'GLfloat' a 'GLint'; posible pérdida de datos
C:\Users\rodri\Desktop\Grafica\PointLight.cpp(34,14): warning C4244: 'argumento': conversión de 'GLfloat' a 'GLint'; posible pérdida de datos
C:\Users\rodri\Desktop\Grafica\PointLight.cpp(35,14): warning C4244: 'argumento': conversión de 'GLfloat' a 'GLint'; posible pérdida de datos
  ResourceManager.cpp
  Shader_light.cpp
C:\Users\rodri\Desktop\Grafica\Shader_light.cpp(101,38): warning C4477: 'snprintf' : la cadena de formato '%d' requiere un argumento de tipo 'int', pero el argumento variádico 1 tiene el tipo 'size_t'
      C:\Users\rodri\Desktop\Grafica\Shader_light.cpp(101,38):
      considere el uso de ' %zd' en la cadena de formato
  
C:\Users\rodri\Desktop\Grafica\Shader_light.cpp(104,38): warning C4477: 'snprintf' : la cadena de formato '%d' requiere un argumento de tipo 'int', pero el argumento variádico 1 tiene el tipo 'size_t'
      C:\Users\rodri\Desktop\Grafica\Shader_light.cpp(104,38):
      considere el uso de ' %zd' en la cadena de formato
  
C:\Users\rodri\Desktop\Grafica\Shader_light.cpp(107,38): warning C4477: 'snprintf' : la cadena de formato '%d' requiere un argumento de tipo 'int', pero el argumento variádico 1 tiene el tipo 'size_t'
      C:\Users\rodri\Desktop\Grafica\Shader_light.cpp(107,38):
      considere el uso de ' %zd' en la cadena de formato
  
C:\Users\rodri\Desktop\Grafica\Shader_light.cpp(110,38): warning C4477: 'snprintf' : la cadena de formato '%d' requiere un argumento de tipo 'int', pero el argumento variádico 1 tiene el tipo 'size_t'
      C:\Users\rodri\Desktop\Grafica\Shader_light.cpp(110,38):
      considere el uso de ' %zd' en la cadena de formato
  
C:\Users\rodri\Desktop\Grafica\Shader_light.cpp(113,38): warning C4477: 'snprintf' : la cadena de formato '%d' requiere un argumento de tipo 'int', pero el argumento variádico 1 tiene el tipo 'size_t'
      C:\Users\rodri\Desktop\Grafica\Shader_light.cpp(113,38):
      considere el uso de ' %zd' en la cadena de formato
  
C:\Users\rodri\Desktop\Grafica\Shader_light.cpp(116,38): warning C4477: 'snprintf' : la cadena de formato '%d' requiere un argumento de tipo 'int', pero el argumento variádico 1 tiene el tipo 'size_t'
      C:\Users\rodri\Desktop\Grafica\Shader_light.cpp(116,38):
      considere el uso de ' %zd' en la cadena de formato
  
C:\Users\rodri\Desktop\Grafica\Shader_light.cpp(119,38): warning C4477: 'snprintf' : la cadena de formato '%d' requiere un argumento de tipo 'int', pero el argumento variádico 1 tiene el tipo 'size_t'
      C:\Users\rodri\Desktop\Grafica\Shader_light.cpp(119,38):
      considere el uso de ' %zd' en la cadena de formato
  
C:\Users\rodri\Desktop\Grafica\Shader_light.cpp(129,38): warning C4477: 'snprintf' : la cadena de formato '%d' requiere un argumento de tipo 'int', pero el argumento variádico 1 tiene el tipo 'size_t'
      C:\Users\rodri\Desktop\Grafica\Shader_light.cpp(129,38):
      considere el uso de ' %zd' en la cadena de formato
  
C:\Users\rodri\Desktop\Grafica\Shader_light.cpp(132,38): warning C4477: 'snprintf' : la cadena de formato '%d' requiere un argumento de tipo 'int', pero el argumento variádico 1 tiene el tipo 'size_t'
      C:\Users\rodri\Desktop\Grafica\Shader_light.cpp(132,38):
      considere el uso de ' %zd' en la cadena de formato
  
C:\Users\rodri\Desktop\Grafica\Shader_light.cpp(135,38): warning C4477: 'snprintf' : la cadena de formato '%d' requiere un argumento de tipo 'int', pero el argumento variádico 1 tiene el tipo 'size_t'
      C:\Users\rodri\Desktop\Grafica\Shader_light.cpp(135,38):
      considere el uso de ' %zd' en la cadena de formato
  
C:\Users\rodri\Desktop\Grafica\Shader_light.cpp(138,38): warning C4477: 'snprintf' : la cadena de formato '%d' requiere un argumento de tipo 'int', pero el argumento variádico 1 tiene el tipo 'size_t'
      C:\Users\rodri\Desktop\Grafica\Shader_light.cpp(138,38):
      considere el uso de ' %zd' en la cadena de formato
  
C:\Users\rodri\Desktop\Grafica\Shader_light.cpp(141,38): warning C4477: 'snprintf' : la cadena de formato '%d' requiere un argumento de tipo 'int', pero el argumento variádico 1 tiene el tipo 'size_t'
      C:\Users\rodri\Desktop\Grafica\Shader_light.cpp(141,38):
      considere el uso de ' %zd' en la cadena de formato
  
C:\Users\rodri\Desktop\Grafica\Shader_light.cpp(144,38): warning C4477: 'snprintf' : la cadena de formato '%d' requiere un argumento de tipo 'int', pero el argumento variádico 1 tiene el tipo 'size_t'
      C:\Users\rodri\Desktop\Grafica\Shader_light.cpp(144,38):
      considere el uso de ' %zd' en la cadena de formato
  
C:\Users\rodri\Desktop\Grafica\Shader_light.cpp(147,38): warning C4477: 'snprintf' : la cadena de formato '%d' requiere un argumento de tipo 'int', pero el argumento variádico 1 tiene el tipo 'size_t'
      C:\Users\rodri\Desktop\Grafica\Shader_light.cpp(147,38):
      considere el uso de ' %zd' en la cadena de formato
  
C:\Users\rodri\Desktop\Grafica\Shader_light.cpp(150,38): warning C4477: 'snprintf' : la cadena de formato '%d' requiere un argumento de tipo 'int', pero el argumento variádico 1 tiene el tipo 'size_t'
      C:\Users\rodri\Desktop\Grafica\Shader_light.cpp(150,38):
      considere el uso de ' %zd' en la cadena de formato
  
C:\Users\rodri\Desktop\Grafica\Shader_light.cpp(153,38): warning C4477: 'snprintf' : la cadena de formato '%d' requiere un argumento de tipo 'int', pero el argumento variádico 1 tiene el tipo 'size_t'
      C:\Users\rodri\Desktop\Grafica\Shader_light.cpp(153,38):
      considere el uso de ' %zd' en la cadena de formato
  
C:\Users\rodri\Desktop\Grafica\Shader_light.cpp(207,75): warning C4244: 'argumento': conversión de 'GLuint' a 'GLfloat'; posible pérdida de datos
C:\Users\rodri\Desktop\Grafica\Shader_light.cpp(207,26): warning C4244: 'argumento': conversión de 'GLuint' a 'GLfloat'; posible pérdida de datos
C:\Users\rodri\Desktop\Grafica\Shader_light.cpp(206,91): warning C4244: 'argumento': conversión de 'GLuint' a 'GLfloat'; posible pérdida de datos
C:\Users\rodri\Desktop\Grafica\Shader_light.cpp(206,42): warning C4244: 'argumento': conversión de 'GLuint' a 'GLfloat'; posible pérdida de datos
C:\Users\rodri\Desktop\Grafica\Shader_light.cpp(220,98): warning C4244: 'argumento': conversión de 'GLuint' a 'GLfloat'; posible pérdida de datos
C:\Users\rodri\Desktop\Grafica\Shader_light.cpp(220,62): warning C4244: 'argumento': conversión de 'GLuint' a 'GLfloat'; posible pérdida de datos
C:\Users\rodri\Desktop\Grafica\Shader_light.cpp(220,24): warning C4244: 'argumento': conversión de 'GLuint' a 'GLfloat'; posible pérdida de datos
C:\Users\rodri\Desktop\Grafica\Shader_light.cpp(219,70): warning C4244: 'argumento': conversión de 'GLuint' a 'GLfloat'; posible pérdida de datos
C:\Users\rodri\Desktop\Grafica\Shader_light.cpp(219,24): warning C4244: 'argumento': conversión de 'GLuint' a 'GLfloat'; posible pérdida de datos
C:\Users\rodri\Desktop\Grafica\Shader_light.cpp(218,88): warning C4244: 'argumento': conversión de 'GLuint' a 'GLfloat'; posible pérdida de datos
C:\Users\rodri\Desktop\Grafica\Shader_light.cpp(218,42): warning C4244: 'argumento': conversión de 'GLuint' a 'GLfloat'; posible pérdida de datos
C:\Users\rodri\Desktop\Grafica\Shader_light.cpp(269,24): warning C4267: '=': conversión de 'size_t' a 'GLint'; posible pérdida de datos
  Skybox.cpp
C:\Users\rodri\Desktop\Grafica\Skybox.cpp(30,47): warning C4267: 'argumento': conversión de 'size_t' a 'GLenum'; posible pérdida de datos
  Sphere.cpp
C:\Users\rodri\Desktop\Grafica\Sphere.cpp(39,13): warning C4244: 'inicializando': conversión de 'double' a 'float'; posible pérdida de datos
C:\Users\rodri\Desktop\Grafica\Sphere.cpp(43,16): warning C4244: 'inicializando': conversión de 'double' a 'float'; posible pérdida de datos
C:\Users\rodri\Desktop\Grafica\Sphere.cpp(91,50): warning C4267: 'argumento': conversión de 'size_t' a 'GLsizei'; posible pérdida de datos
C:\Users\rodri\Desktop\Grafica\Sphere.cpp(94,51): warning C4267: 'argumento': conversión de 'size_t' a 'GLsizei'; posible pérdida de datos
C:\Users\rodri\Desktop\Grafica\Sphere.cpp(98,50): warning C4267: 'argumento': conversión de 'size_t' a 'GLsizei'; posible pérdida de datos
C:\Users\rodri\Desktop\Grafica\Sphere.cpp(108,42): warning C4267: 'argumento': conversión de 'size_t' a 'GLsizei'; posible pérdida de datos
  SpotLight.cpp
  Texture.cpp
  Window.cpp
C:\Users\rodri\Desktop\Grafica\Window.h(13,36): warning C4244: 'return': conversión de 'GLint' a 'GLfloat'; posible pérdida de datos
  (compilando archivo de origen "Window.cpp")
  
C:\Users\rodri\Desktop\Grafica\Window.h(14,37): warning C4244: 'return': conversión de 'GLint' a 'GLfloat'; posible pérdida de datos
  (compilando archivo de origen "Window.cpp")
  
C:\Users\rodri\Desktop\Grafica\Window.cpp(134,22): warning C4244: '=': conversión de 'double' a 'GLfloat'; posible pérdida de datos
C:\Users\rodri\Desktop\Grafica\Window.cpp(135,22): warning C4244: '=': conversión de 'double' a 'GLfloat'; posible pérdida de datos
C:\Users\rodri\Desktop\Grafica\Window.cpp(139,28): warning C4244: '=': conversión de 'double' a 'GLfloat'; posible pérdida de datos
C:\Users\rodri\Desktop\Grafica\Window.cpp(140,40): warning C4244: '=': conversión de 'double' a 'GLfloat'; posible pérdida de datos
C:\Users\rodri\Desktop\Grafica\Window.cpp(142,21): warning C4244: '=': conversión de 'double' a 'GLfloat'; posible pérdida de datos
C:\Users\rodri\Desktop\Grafica\Window.cpp(143,21): warning C4244: '=': conversión de 'double' a 'GLfloat'; posible pérdida de datos
  Generando código...
C:\Users\rodri\Desktop\Grafica\Window.cpp(80,1): warning C4715: 'Window::Initialise': no todas las rutas de acceso de control devuelven un valor
  LINK : no se encontró C:\Users\rodri\Desktop\Grafica\x64\Debug\Project_ComputerGraphics.exe o no lo generó el último vínculo incremental; ejecutando vínculo completo
LINK : warning LNK4098: la biblioteca predeterminada'MSVCRT' entra en conflicto con otras bibliotecas; use la biblioteca /NODEFAULTLIB:biblioteca
  ProjectCG.vcxproj -> C:\Users\rodri\Desktop\Grafica\x64\Debug\Project_ComputerGraphics.exe
